1704990818537	geckodriver	INFO	Listening on 127.0.0.1:57228
1704990821587	mozrunner::runner	INFO	Running command: "C:\\Program Files\\Mozilla Firefox\\firefox.exe" "--marionette" "--remote-debugging-port" "57229" "--remote-allow-hosts" "localhost" "-no-remote" "-profile" "C:\\Users\\MADHUR~1.SAK\\AppData\\Local\\Temp\\rust_mozprofile93Ne0W"
console.warn: services.settings: Ignoring preference override of remote settings server
console.warn: services.settings: Allow by setting MOZ_REMOTE_SETTINGS_DEVTOOLS=1 in the environment
1704990822217	Marionette	INFO	Marionette enabled
Dynamically enable window occlusion 0
1704990822433	Marionette	INFO	Listening on port 57245
WebDriver BiDi listening on ws://127.0.0.1:57229
Read port: 57245
1704990822775	RemoteAgent	WARN	TLS certificate errors will be ignored for this session
DevTools listening on ws://127.0.0.1:57229/devtools/browser/a324cdf0-2cf2-441d-98c7-60fa28e4e575
JavaScript warning: https://altanalytics.peoplestrong.com/bi/assets/js/jquery.min.js, line 2: Using //@ to indicate sourceMappingURL pragmas is deprecated. Use //# instead
console.error: (new TypeError("linkMap is undefined", "resource://gre/modules/NewTabUtils.sys.mjs", 2001))
console.error: (new TypeError("linkMap is undefined", "resource://gre/modules/NewTabUtils.sys.mjs", 2001))
1704990829946	Marionette	INFO	Stopped listening on port 57245
Dynamically enable window occlusion 1
1704990832101	geckodriver	INFO	Listening on 127.0.0.1:57299
1704990835103	mozrunner::runner	INFO	Running command: "C:\\Program Files\\Mozilla Firefox\\firefox.exe" "--marionette" "--remote-debugging-port" "57300" "--remote-allow-hosts" "localhost" "-no-remote" "-profile" "C:\\Users\\MADHUR~1.SAK\\AppData\\Local\\Temp\\rust_mozprofileuvYrjU"
console.warn: services.settings: Ignoring preference override of remote settings server
console.warn: services.settings: Allow by setting MOZ_REMOTE_SETTINGS_DEVTOOLS=1 in the environment
1704990835647	Marionette	INFO	Marionette enabled
Dynamically enable window occlusion 0
1704990835844	Marionette	INFO	Listening on port 57310
WebDriver BiDi listening on ws://127.0.0.1:57300
Read port: 57310
1704990836177	RemoteAgent	WARN	TLS certificate errors will be ignored for this session
DevTools listening on ws://127.0.0.1:57300/devtools/browser/c9cfb054-f8b5-4c91-b5f6-eb43ec87ef7c
JavaScript warning: https://altanalytics.peoplestrong.com/bi/assets/js/jquery.min.js, line 2: Using //@ to indicate sourceMappingURL pragmas is deprecated. Use //# instead
console.error: (new TypeError("linkMap is undefined", "resource://gre/modules/NewTabUtils.sys.mjs", 2001))
console.error: (new TypeError("linkMap is undefined", "resource://gre/modules/NewTabUtils.sys.mjs", 2001))
console.warn: LoginRecipes: "Falling back to a synchronous message for: https://auth.peoplestrong.com."
console.warn: LoginRecipes: "Falling back to a synchronous message for: https://auth.peoplestrong.com."
JavaScript warning: https://altanalytics.peoplestrong.com/bi/assets/js/jquery.min.js, line 2: Using //@ to indicate sourceMappingURL pragmas is deprecated. Use //# instead
1704990844786	Marionette	INFO	Stopped listening on port 57310
Dynamically enable window occlusion 1
1704990856124	geckodriver	INFO	Listening on 127.0.0.1:57409
1704990859187	mozrunner::runner	INFO	Running command: "C:\\Program Files\\Mozilla Firefox\\firefox.exe" "--marionette" "--remote-debugging-port" "57410" "--remote-allow-hosts" "localhost" "-no-remote" "-profile" "C:\\Users\\MADHUR~1.SAK\\AppData\\Local\\Temp\\rust_mozprofileckCLll"
console.warn: services.settings: Ignoring preference override of remote settings server
console.warn: services.settings: Allow by setting MOZ_REMOTE_SETTINGS_DEVTOOLS=1 in the environment
1704990859764	Marionette	INFO	Marionette enabled
Dynamically enable window occlusion 0
1704990859945	Marionette	INFO	Listening on port 57421
WebDriver BiDi listening on ws://127.0.0.1:57410
Read port: 57421
1704990860246	RemoteAgent	WARN	TLS certificate errors will be ignored for this session
DevTools listening on ws://127.0.0.1:57410/devtools/browser/8a43ea8d-2687-4dc4-b4a9-d35d16bd6c08
JavaScript warning: https://altanalytics.peoplestrong.com/bi/assets/js/jquery.min.js, line 2: Using //@ to indicate sourceMappingURL pragmas is deprecated. Use //# instead
console.error: (new TypeError("linkMap is undefined", "resource://gre/modules/NewTabUtils.sys.mjs", 2001))
1704990868795	Marionette	INFO	Stopped listening on port 57421
Dynamically enable window occlusion 1
1704990870596	geckodriver	INFO	Listening on 127.0.0.1:57494
1704990873641	mozrunner::runner	INFO	Running command: "C:\\Program Files\\Mozilla Firefox\\firefox.exe" "--marionette" "--remote-debugging-port" "57495" "--remote-allow-hosts" "localhost" "-no-remote" "-profile" "C:\\Users\\MADHUR~1.SAK\\AppData\\Local\\Temp\\rust_mozprofileZV20T4"
console.warn: services.settings: Ignoring preference override of remote settings server
console.warn: services.settings: Allow by setting MOZ_REMOTE_SETTINGS_DEVTOOLS=1 in the environment
1704990874164	Marionette	INFO	Marionette enabled
Dynamically enable window occlusion 0
1704990874333	Marionette	INFO	Listening on port 57505
WebDriver BiDi listening on ws://127.0.0.1:57495
Read port: 57505
1704990874462	RemoteAgent	WARN	TLS certificate errors will be ignored for this session
DevTools listening on ws://127.0.0.1:57495/devtools/browser/8ea35f0e-702a-4ace-bf56-490478761cee
JavaScript warning: https://altanalytics.peoplestrong.com/bi/assets/js/jquery.min.js, line 2: Using //@ to indicate sourceMappingURL pragmas is deprecated. Use //# instead
console.error: (new TypeError("linkMap is undefined", "resource://gre/modules/NewTabUtils.sys.mjs", 2001))
console.error: (new TypeError("linkMap is undefined", "resource://gre/modules/NewTabUtils.sys.mjs", 2001))
console.warn: LoginRecipes: "Falling back to a synchronous message for: https://auth.peoplestrong.com."
console.warn: LoginRecipes: "Falling back to a synchronous message for: https://auth.peoplestrong.com."
JavaScript warning: https://altanalytics.peoplestrong.com/bi/assets/js/jquery.min.js, line 2: Using //@ to indicate sourceMappingURL pragmas is deprecated. Use //# instead
1704990884853	Marionette	INFO	Stopped listening on port 57505
Dynamically enable window occlusion 1
